                                                                                                                        
>>>>>>>>>>>>>>>>>>>>>>>>>>>>>>>>>>>>>>>>>>>>>>>>>>>>>>>>>>>>>>>>>>>>>>>>>>>>>>>>>>>>>>>>>>>>>>>>>>>>>>>>>>>>>>>>>>>>>>>>
2023-08-30 21:35:07,419 - INFO - START word_cloud =============================================
2023-08-30 21:35:07,419 - INFO - START word_cloud Start Time = 2023-08-30 21:35:07
2023-08-30 21:35:07,419 - INFO - word_cloud Step 0 - Initialize the configuration file parser
2023-08-30 21:35:38,058 - INFO - PERFORMANCE word_cloud The total process duration was:30.64
2023-08-30 21:35:38,058 - INFO - PERFORMANCE word_cloud Stop Time = 2023-08-30 21:35:38
2023-08-30 21:35:38,058 - INFO - PERFORMANCE word_cloud Low process duration less than 3 minutes:30.64
2023-08-30 21:35:38,058 - INFO - PERFORMANCE word_cloud Performance optimization is optional
2023-08-30 21:35:38,058 - INFO - END word_cloud =============================================

<<<<<<<<<<<<<<<<<<<<<<<<<<<<<<<<<<<<<<<<<<<<<<<<<<<<<<<<<<<<<<<<<<<<<<<<<<<<<<<<<<<<<<<<<<<<<<<<<<<<<<<<<<<<<<<<<<<<<<<<
                                                                                                                        
                                                                                                                        
>>>>>>>>>>>>>>>>>>>>>>>>>>>>>>>>>>>>>>>>>>>>>>>>>>>>>>>>>>>>>>>>>>>>>>>>>>>>>>>>>>>>>>>>>>>>>>>>>>>>>>>>>>>>>>>>>>>>>>>>
2023-08-30 22:24:01,251 - INFO - START word_cloud =============================================
2023-08-30 22:24:01,251 - INFO - START word_cloud Start Time = 2023-08-30 22:24:01
2023-08-30 22:24:01,251 - INFO - word_cloud Step 0 - Initialize the configuration file parser
2023-08-30 22:24:30,349 - INFO - PERFORMANCE word_cloud The total process duration was:29.10
2023-08-30 22:24:30,349 - INFO - PERFORMANCE word_cloud Stop Time = 2023-08-30 22:24:30
2023-08-30 22:24:30,349 - INFO - PERFORMANCE word_cloud Low process duration less than 3 minutes:29.10
2023-08-30 22:24:30,349 - INFO - PERFORMANCE word_cloud Performance optimization is optional
2023-08-30 22:24:30,350 - INFO - END word_cloud =============================================

<<<<<<<<<<<<<<<<<<<<<<<<<<<<<<<<<<<<<<<<<<<<<<<<<<<<<<<<<<<<<<<<<<<<<<<<<<<<<<<<<<<<<<<<<<<<<<<<<<<<<<<<<<<<<<<<<<<<<<<<
                                                                                                                        
